TN:
SF:/home/hobby/dev/NetworkLibrary/test/inc/bit_pack_test.h
FN:5,_ZN13bit_pack_testD0Ev
FN:5,_ZN13bit_pack_testD2Ev
FN:5,_ZN13bit_pack_testC2Ev
FN:10,_ZN13bit_pack_test5setUpEv
FN:14,_ZN13bit_pack_test8tearDownEv
FN:18,_ZN13bit_pack_test9test_packEv
FNDA:0,_ZN13bit_pack_testD0Ev
FNDA:0,_ZN13bit_pack_testD2Ev
FNDA:1,_ZN13bit_pack_testC2Ev
FNDA:1,_ZN13bit_pack_test5setUpEv
FNDA:1,_ZN13bit_pack_test8tearDownEv
FNDA:1,_ZN13bit_pack_test9test_packEv
FNF:6
FNH:4
DA:5,1
DA:10,1
DA:12,1
DA:14,1
DA:16,1
DA:18,1
DA:20,1
DA:21,1
DA:26,1
DA:27,1
DA:28,1
DA:29,1
DA:30,1
DA:31,1
DA:32,1
DA:33,1
DA:34,1
DA:37,1
DA:38,1
DA:39,1
DA:40,1
DA:41,1
DA:42,1
DA:43,1
DA:44,1
DA:45,1
DA:50,1
DA:51,1
DA:52,1
DA:53,1
DA:54,1
DA:55,1
DA:56,1
DA:57,1
DA:58,1
DA:61,1
DA:62,1
DA:63,1
DA:64,1
DA:65,1
DA:66,1
DA:67,1
DA:68,1
DA:69,1
DA:74,1
DA:75,1
DA:76,1
DA:77,1
DA:78,1
DA:79,1
DA:80,1
DA:81,1
DA:82,1
DA:85,1
DA:86,1
DA:87,1
DA:88,1
DA:89,1
DA:90,1
DA:91,1
DA:92,1
DA:93,1
DA:98,1
DA:99,1
DA:100,1
DA:101,1
DA:102,1
DA:103,1
DA:104,1
DA:105,1
DA:106,1
DA:107,1
DA:108,1
DA:109,1
DA:112,1
DA:113,1
DA:114,1
DA:115,1
DA:116,1
DA:117,1
DA:118,1
DA:119,1
DA:120,1
DA:121,1
DA:122,1
DA:123,1
DA:128,1
DA:129,1
DA:130,1
DA:131,1
DA:132,1
DA:133,1
DA:134,1
DA:135,1
DA:136,1
DA:137,1
DA:138,1
DA:139,1
DA:142,1
DA:143,1
DA:144,1
DA:145,1
DA:146,1
DA:147,1
DA:148,1
DA:149,1
DA:150,1
DA:151,1
DA:152,1
DA:153,1
DA:158,1
DA:159,1
DA:160,1
DA:161,1
DA:162,1
DA:163,1
DA:164,1
DA:165,1
DA:166,1
DA:167,1
DA:168,1
DA:169,1
DA:172,1
DA:173,1
DA:174,1
DA:175,1
DA:176,1
DA:177,1
DA:178,1
DA:179,1
DA:180,1
DA:181,1
DA:182,1
DA:183,1
DA:185,1
LF:135
LH:135
end_of_record
SF:/usr/include/c++/4.8/bits/allocator.h
FN:133,_ZSteqIcEbRKSaIT_ES3_
FNDA:0,_ZSteqIcEbRKSaIT_ES3_
FNF:1
FNH:0
DA:133,0
DA:134,0
LF:2
LH:0
end_of_record
SF:/usr/include/c++/4.8/bits/basic_ios.h
FN:46,_ZSt13__check_facetISt5ctypeIcEERKT_PS3_
FNDA:0,_ZSt13__check_facetISt5ctypeIcEERKT_PS3_
FNF:1
FNH:0
DA:46,0
DA:48,0
DA:49,0
DA:50,0
LF:4
LH:0
end_of_record
SF:/usr/include/c++/4.8/bits/basic_string.h
FN:272,_ZNSs12_Alloc_hiderD2Ev
FN:1721,_ZNSs16_S_construct_auxIPcEES0_T_S1_RKSaIcESt12__false_type
FN:1743,_ZNSs12_S_constructIPcEES0_T_S1_RKSaIcE
FNDA:0,_ZNSs12_Alloc_hiderD2Ev
FNDA:0,_ZNSs16_S_construct_auxIPcEES0_T_S1_RKSaIcESt12__false_type
FNDA:0,_ZNSs12_S_constructIPcEES0_T_S1_RKSaIcE
FNF:3
FNH:0
DA:272,0
DA:1721,0
DA:1725,0
DA:1743,0
DA:1746,0
LF:5
LH:0
end_of_record
SF:/usr/include/c++/4.8/bits/basic_string.tcc
FN:123,_ZNSs12_S_constructIPcEES0_T_S1_RKSaIcESt20forward_iterator_tag
FN:227,_ZNSsC2IPcEET_S1_RKSaIcE
FNDA:0,_ZNSs12_S_constructIPcEES0_T_S1_RKSaIcESt20forward_iterator_tag
FNDA:0,_ZNSsC2IPcEET_S1_RKSaIcE
FNF:2
FNH:0
DA:123,0
DA:128,0
DA:129,0
DA:132,0
DA:133,0
DA:136,0
DA:138,0
DA:140,0
DA:141,=====
DA:143,=====
DA:144,=====
DA:146,0
DA:147,0
DA:227,0
DA:229,0
DA:230,0
LF:16
LH:0
end_of_record
SF:/usr/include/c++/4.8/bits/char_traits.h
FN:242,_ZNSt11char_traitsIcE6assignERcRKc
FN:258,_ZNSt11char_traitsIcE6lengthEPKc
FN:270,_ZNSt11char_traitsIcE4copyEPcPKcm
FNDA:0,_ZNSt11char_traitsIcE6assignERcRKc
FNDA:0,_ZNSt11char_traitsIcE6lengthEPKc
FNDA:0,_ZNSt11char_traitsIcE4copyEPcPKcm
FNF:3
FNH:0
DA:242,0
DA:243,0
DA:258,0
DA:259,0
DA:270,0
DA:271,0
LF:6
LH:0
end_of_record
SF:/usr/include/c++/4.8/bits/ios_base.h
FN:123,_ZStorSt13_Ios_OpenmodeS_
FN:159,_ZStanSt12_Ios_IostateS_
FN:163,_ZStorSt12_Ios_IostateS_
FNDA:0,_ZStorSt13_Ios_OpenmodeS_
FNDA:0,_ZStanSt12_Ios_IostateS_
FNDA:0,_ZStorSt12_Ios_IostateS_
FNF:3
FNH:0
DA:123,0
DA:124,0
DA:159,0
DA:160,0
DA:163,0
DA:164,0
LF:6
LH:0
end_of_record
SF:/usr/include/c++/4.8/bits/locale_facets.h
FN:865,_ZNKSt5ctypeIcE5widenEc
FNDA:0,_ZNKSt5ctypeIcE5widenEc
FNF:1
FNH:0
DA:865,0
DA:867,0
DA:868,0
DA:869,0
DA:870,0
LF:5
LH:0
end_of_record
SF:/usr/include/c++/4.8/bits/stl_iterator_base_funcs.h
FN:90,_ZSt10__distanceIPcENSt15iterator_traitsIT_E15difference_typeES2_S2_St26random_access_iterator_tag
FN:114,_ZSt8distanceIPcENSt15iterator_traitsIT_E15difference_typeES2_S2_
FNDA:0,_ZSt10__distanceIPcENSt15iterator_traitsIT_E15difference_typeES2_S2_St26random_access_iterator_tag
FNDA:0,_ZSt8distanceIPcENSt15iterator_traitsIT_E15difference_typeES2_S2_
FNF:2
FNH:0
DA:90,0
DA:96,0
DA:114,0
DA:118,0
LF:4
LH:0
end_of_record
SF:/usr/include/c++/4.8/bits/stl_iterator_base_types.h
FN:201,_ZSt19__iterator_categoryIPcENSt15iterator_traitsIT_E17iterator_categoryERKS2_
FNDA:0,_ZSt19__iterator_categoryIPcENSt15iterator_traitsIT_E17iterator_categoryERKS2_
FNF:1
FNH:0
DA:201,0
DA:202,0
LF:2
LH:0
end_of_record
SF:/usr/include/c++/4.8/ext/atomicity.h
FN:48,_ZN9__gnu_cxxL18__exchange_and_addEPVii
FN:65,_ZN9__gnu_cxxL25__exchange_and_add_singleEPii
FN:78,_ZN9__gnu_cxxL27__exchange_and_add_dispatchEPii
FNDA:0,_ZN9__gnu_cxxL18__exchange_and_addEPVii
FNDA:0,_ZN9__gnu_cxxL25__exchange_and_add_singleEPii
FNDA:0,_ZN9__gnu_cxxL27__exchange_and_add_dispatchEPii
FNF:3
FNH:0
DA:48,0
DA:49,0
DA:65,0
DA:67,0
DA:68,0
DA:69,0
DA:78,0
DA:81,0
DA:82,0
DA:84,0
LF:10
LH:0
end_of_record
SF:/usr/include/c++/4.8/ext/new_allocator.h
FN:79,_ZN9__gnu_cxx13new_allocatorIcEC2Ev
FN:81,_ZN9__gnu_cxx13new_allocatorIcEC2ERKS1_
FN:86,_ZN9__gnu_cxx13new_allocatorIcED2Ev
FNDA:0,_ZN9__gnu_cxx13new_allocatorIcEC2Ev
FNDA:0,_ZN9__gnu_cxx13new_allocatorIcEC2ERKS1_
FNDA:0,_ZN9__gnu_cxx13new_allocatorIcED2Ev
FNF:3
FNH:0
DA:79,0
DA:81,0
DA:86,0
LF:3
LH:0
end_of_record
SF:/usr/include/c++/4.8/ext/type_traits.h
FN:150,_ZN9__gnu_cxx17__is_null_pointerIcEEbPT_
FNDA:0,_ZN9__gnu_cxx17__is_null_pointerIcEEbPT_
FNF:1
FNH:0
DA:150,0
DA:151,0
LF:2
LH:0
end_of_record
SF:/usr/include/c++/4.8/iostream
DA:74,1
LF:1
LH:1
end_of_record
SF:/usr/include/c++/4.8/sstream
FN:64,_ZNSt15basic_stringbufIcSt11char_traitsIcESaIcEED2Ev
FN:64,_ZNSt15basic_stringbufIcSt11char_traitsIcESaIcEED0Ev
FNDA:0,_ZNSt15basic_stringbufIcSt11char_traitsIcESaIcEED0Ev
FNDA:0,_ZNSt15basic_stringbufIcSt11char_traitsIcESaIcEED2Ev
FNF:2
FNH:0
DA:64,0
LF:1
LH:0
end_of_record
SF:/usr/include/cxxtest/Descriptions.cpp
FN:19,_ZN7CxxTest15TestDescriptionD0Ev
FN:19,_ZN7CxxTest15TestDescriptionD2Ev
FN:20,_ZN7CxxTest16SuiteDescriptionD0Ev
FN:20,_ZN7CxxTest16SuiteDescriptionD2Ev
FN:21,_ZN7CxxTest16WorldDescriptionD2Ev
FN:21,_ZN7CxxTest16WorldDescriptionD0Ev
FN:27,_ZNK7CxxTest16WorldDescription13strTotalTestsEPc
FNDA:0,_ZN7CxxTest15TestDescriptionD0Ev
FNDA:1,_ZN7CxxTest15TestDescriptionD2Ev
FNDA:0,_ZN7CxxTest16SuiteDescriptionD0Ev
FNDA:1,_ZN7CxxTest16SuiteDescriptionD2Ev
FNDA:0,_ZN7CxxTest16WorldDescriptionD0Ev
FNDA:2,_ZN7CxxTest16WorldDescriptionD2Ev
FNDA:1,_ZNK7CxxTest16WorldDescription13strTotalTestsEPc
FNF:7
FNH:4
DA:19,1
DA:20,1
DA:21,2
DA:27,1
DA:29,1
DA:30,1
LF:6
LH:6
end_of_record
SF:/usr/include/cxxtest/Descriptions.h
FN:26,_ZN7CxxTest15TestDescriptionC2Ev
FN:44,_ZN7CxxTest16SuiteDescriptionC2Ev
FN:69,_ZN7CxxTest16WorldDescriptionC2Ev
FN:74,_ZNK7CxxTest16WorldDescription9worldNameEv
FNDA:2,_ZN7CxxTest15TestDescriptionC2Ev
FNDA:2,_ZN7CxxTest16SuiteDescriptionC2Ev
FNDA:2,_ZN7CxxTest16WorldDescriptionC2Ev
FNDA:0,_ZNK7CxxTest16WorldDescription9worldNameEv
FNF:4
FNH:3
DA:26,2
DA:44,2
DA:69,2
DA:74,0
LF:4
LH:3
end_of_record
SF:/usr/include/cxxtest/DummyDescriptions.cpp
FN:16,_ZN7CxxTest20DummyTestDescriptionC2Ev
FN:18,_ZNK7CxxTest20DummyTestDescription4fileEv
FN:19,_ZNK7CxxTest20DummyTestDescription4lineEv
FN:20,_ZNK7CxxTest20DummyTestDescription8testNameEv
FN:21,_ZNK7CxxTest20DummyTestDescription9suiteNameEv
FN:22,_ZN7CxxTest20DummyTestDescription5setUpEv
FN:23,_ZN7CxxTest20DummyTestDescription3runEv
FN:24,_ZN7CxxTest20DummyTestDescription8tearDownEv
FN:26,_ZN7CxxTest20DummyTestDescription4nextEv
FN:27,_ZNK7CxxTest20DummyTestDescription4nextEv
FN:29,_ZN7CxxTest21DummySuiteDescriptionC2Ev
FN:31,_ZNK7CxxTest21DummySuiteDescription4fileEv
FN:32,_ZNK7CxxTest21DummySuiteDescription4lineEv
FN:33,_ZNK7CxxTest21DummySuiteDescription9suiteNameEv
FN:34,_ZNK7CxxTest21DummySuiteDescription5suiteEv
FN:35,_ZNK7CxxTest21DummySuiteDescription8numTestsEv
FN:36,_ZNK7CxxTest21DummySuiteDescription15testDescriptionEj
FN:37,_ZN7CxxTest21DummySuiteDescription4nextEv
FN:38,_ZN7CxxTest21DummySuiteDescription9firstTestEv
FN:39,_ZNK7CxxTest21DummySuiteDescription4nextEv
FN:40,_ZNK7CxxTest21DummySuiteDescription9firstTestEv
FN:41,_ZN7CxxTest21DummySuiteDescription16activateAllTestsEv
FN:42,_ZN7CxxTest21DummySuiteDescription9leaveOnlyEPKc
FN:44,_ZN7CxxTest21DummySuiteDescription5setUpEv
FN:45,_ZN7CxxTest21DummySuiteDescription8tearDownEv
FN:47,_ZN7CxxTest21DummyWorldDescriptionC2Ev
FN:49,_ZNK7CxxTest21DummyWorldDescription9numSuitesEv
FN:50,_ZNK7CxxTest21DummyWorldDescription13numTotalTestsEv
FN:51,_ZNK7CxxTest21DummyWorldDescription16suiteDescriptionEj
FN:52,_ZN7CxxTest21DummyWorldDescription10firstSuiteEv
FN:53,_ZNK7CxxTest21DummyWorldDescription10firstSuiteEv
FN:54,_ZN7CxxTest21DummyWorldDescription16activateAllTestsEv
FN:55,_ZN7CxxTest21DummyWorldDescription9leaveOnlyEPKcS2_
FN:57,_ZN7CxxTest21DummyWorldDescription5setUpEv
FN:58,_ZN7CxxTest21DummyWorldDescription8tearDownEv
FNDA:1,_ZN7CxxTest20DummyTestDescriptionC2Ev
FNDA:0,_ZNK7CxxTest20DummyTestDescription4fileEv
FNDA:0,_ZNK7CxxTest20DummyTestDescription4lineEv
FNDA:0,_ZNK7CxxTest20DummyTestDescription8testNameEv
FNDA:0,_ZNK7CxxTest20DummyTestDescription9suiteNameEv
FNDA:0,_ZN7CxxTest20DummyTestDescription5setUpEv
FNDA:0,_ZN7CxxTest20DummyTestDescription3runEv
FNDA:0,_ZN7CxxTest20DummyTestDescription8tearDownEv
FNDA:0,_ZN7CxxTest20DummyTestDescription4nextEv
FNDA:0,_ZNK7CxxTest20DummyTestDescription4nextEv
FNDA:1,_ZN7CxxTest21DummySuiteDescriptionC2Ev
FNDA:0,_ZNK7CxxTest21DummySuiteDescription4fileEv
FNDA:0,_ZNK7CxxTest21DummySuiteDescription4lineEv
FNDA:0,_ZNK7CxxTest21DummySuiteDescription9suiteNameEv
FNDA:0,_ZNK7CxxTest21DummySuiteDescription5suiteEv
FNDA:0,_ZNK7CxxTest21DummySuiteDescription8numTestsEv
FNDA:5,_ZNK7CxxTest21DummySuiteDescription15testDescriptionEj
FNDA:0,_ZN7CxxTest21DummySuiteDescription4nextEv
FNDA:0,_ZN7CxxTest21DummySuiteDescription9firstTestEv
FNDA:0,_ZNK7CxxTest21DummySuiteDescription4nextEv
FNDA:0,_ZNK7CxxTest21DummySuiteDescription9firstTestEv
FNDA:0,_ZN7CxxTest21DummySuiteDescription16activateAllTestsEv
FNDA:0,_ZN7CxxTest21DummySuiteDescription9leaveOnlyEPKc
FNDA:0,_ZN7CxxTest21DummySuiteDescription5setUpEv
FNDA:0,_ZN7CxxTest21DummySuiteDescription8tearDownEv
FNDA:1,_ZN7CxxTest21DummyWorldDescriptionC2Ev
FNDA:0,_ZNK7CxxTest21DummyWorldDescription9numSuitesEv
FNDA:0,_ZNK7CxxTest21DummyWorldDescription13numTotalTestsEv
FNDA:8,_ZNK7CxxTest21DummyWorldDescription16suiteDescriptionEj
FNDA:0,_ZN7CxxTest21DummyWorldDescription10firstSuiteEv
FNDA:0,_ZNK7CxxTest21DummyWorldDescription10firstSuiteEv
FNDA:0,_ZN7CxxTest21DummyWorldDescription16activateAllTestsEv
FNDA:0,_ZN7CxxTest21DummyWorldDescription9leaveOnlyEPKcS2_
FNDA:0,_ZN7CxxTest21DummyWorldDescription5setUpEv
FNDA:0,_ZN7CxxTest21DummyWorldDescription8tearDownEv
FNF:35
FNH:5
DA:16,1
DA:18,0
DA:19,0
DA:20,0
DA:21,0
DA:22,0
DA:23,0
DA:24,0
DA:26,0
DA:27,0
DA:29,1
DA:31,0
DA:32,0
DA:33,0
DA:34,0
DA:35,0
DA:36,5
DA:37,0
DA:38,0
DA:39,0
DA:40,0
DA:41,0
DA:42,0
DA:44,0
DA:45,0
DA:47,1
DA:49,0
DA:50,0
DA:51,8
DA:52,0
DA:53,0
DA:54,0
DA:55,0
DA:57,0
DA:58,0
LF:35
LH:5
end_of_record
SF:/usr/include/cxxtest/DummyDescriptions.h
FN:23,_ZN7CxxTest20DummyTestDescriptionD0Ev
FN:23,_ZN7CxxTest20DummyTestDescriptionD2Ev
FN:40,_ZN7CxxTest21DummySuiteDescriptionD0Ev
FN:40,_ZN7CxxTest21DummySuiteDescriptionD2Ev
FN:65,_ZN7CxxTest21DummyWorldDescriptionD0Ev
FN:65,_ZN7CxxTest21DummyWorldDescriptionD2Ev
FNDA:0,_ZN7CxxTest20DummyTestDescriptionD0Ev
FNDA:1,_ZN7CxxTest20DummyTestDescriptionD2Ev
FNDA:0,_ZN7CxxTest21DummySuiteDescriptionD0Ev
FNDA:1,_ZN7CxxTest21DummySuiteDescriptionD2Ev
FNDA:0,_ZN7CxxTest21DummyWorldDescriptionD0Ev
FNDA:1,_ZN7CxxTest21DummyWorldDescriptionD2Ev
FNF:6
FNH:3
DA:23,1
DA:40,1
DA:65,1
LF:3
LH:3
end_of_record
SF:/usr/include/cxxtest/ErrorFormatter.h
FN:31,_ZN7CxxTest12OutputStreamC2Ev
FN:34,_ZN7CxxTest12OutputStreamD2Ev
FN:34,_ZN7CxxTest12OutputStreamD0Ev
FN:35,_ZN7CxxTest12OutputStream5flushEv
FN:36,_ZN7CxxTest12OutputStreamlsEj
FN:37,_ZN7CxxTest12OutputStreamlsEPKc
FN:41,_ZN7CxxTest12OutputStreamlsEPFvRS0_E
FN:42,_ZN7CxxTest12OutputStream4endlERS0_
FN:45,_ZN7CxxTest14ErrorFormatterD0Ev
FN:45,_ZN7CxxTest14ErrorFormatterD2Ev
FN:48,_ZN7CxxTest14ErrorFormatterC2EPNS_12OutputStreamEPKcS4_S4_S4_
FN:61,_ZN7CxxTest14ErrorFormatter3runEv
FN:67,_ZN7CxxTest14ErrorFormatter10enterWorldERKNS_16WorldDescriptionE
FN:75,_ZN7CxxTest14ErrorFormatter10totalTestsERNS_12OutputStreamE
FN:82,_ZN7CxxTest14ErrorFormatter10enterSuiteERKNS_16SuiteDescriptionE
FN:87,_ZN7CxxTest14ErrorFormatter9enterTestERKNS_15TestDescriptionE
FN:92,_ZN7CxxTest14ErrorFormatter9leaveTestERKNS_15TestDescriptionE
FN:110,_ZN7CxxTest14ErrorFormatter10leaveWorldERKNS_16WorldDescriptionE
FN:131,_ZN7CxxTest14ErrorFormatter5traceEPKciS2_
FN:137,_ZN7CxxTest14ErrorFormatter7warningEPKciS2_
FN:143,_ZN7CxxTest14ErrorFormatter11skippedTestEPKciS2_
FN:149,_ZN7CxxTest14ErrorFormatter10failedTestEPKciS2_
FN:155,_ZN7CxxTest14ErrorFormatter12failedAssertEPKciS2_
FN:161,_ZN7CxxTest14ErrorFormatter18failedAssertEqualsEPKciS2_S2_S2_S2_
FN:170,_ZN7CxxTest14ErrorFormatter20failedAssertSameDataEPKciS2_S2_S2_PKvS4_j
FN:182,_ZN7CxxTest14ErrorFormatter21failedAssertSameFilesEPKciS2_S2_S2_
FN:190,_ZN7CxxTest14ErrorFormatter17failedAssertDeltaEPKciS2_S2_S2_S2_S2_S2_
FN:199,_ZN7CxxTest14ErrorFormatter19failedAssertDiffersEPKciS2_S2_S2_
FN:208,_ZN7CxxTest14ErrorFormatter20failedAssertLessThanEPKciS2_S2_S2_S2_
FN:217,_ZN7CxxTest14ErrorFormatter26failedAssertLessThanEqualsEPKciS2_S2_S2_S2_
FN:226,_ZN7CxxTest14ErrorFormatter20failedAssertRelationEPKciS2_S2_S2_S2_S2_
FN:234,_ZN7CxxTest14ErrorFormatter21failedAssertPredicateEPKciS2_S2_S2_
FN:241,_ZN7CxxTest14ErrorFormatter18failedAssertThrowsEPKciS2_S2_b
FN:250,_ZN7CxxTest14ErrorFormatter21failedAssertThrowsNotEPKciS2_
FN:257,_ZNK7CxxTest14ErrorFormatter12outputStreamEv
FN:266,_ZN7CxxTest14ErrorFormatter4stopEPKci
FN:273,_ZN7CxxTest14ErrorFormatter7newLineEv
FN:282,_ZN7CxxTest14ErrorFormatter10reportTestEv
FN:292,_ZN7CxxTest14ErrorFormatter4dumpEPKvj
FN:304,_ZN7CxxTest14ErrorFormatter8dumpNullEv
FN:309,_ZN7CxxTest14ErrorFormatter10dumpBufferEPKvj
FN:330,_ZN7CxxTest14ErrorFormatter4endlERNS_12OutputStreamE
FNDA:1,_ZN7CxxTest12OutputStreamC2Ev
FNDA:0,_ZN7CxxTest12OutputStreamD0Ev
FNDA:1,_ZN7CxxTest12OutputStreamD2Ev
FNDA:0,_ZN7CxxTest12OutputStream5flushEv
FNDA:0,_ZN7CxxTest12OutputStreamlsEj
FNDA:0,_ZN7CxxTest12OutputStreamlsEPKc
FNDA:2,_ZN7CxxTest12OutputStreamlsEPFvRS0_E
FNDA:1,_ZN7CxxTest12OutputStream4endlERS0_
FNDA:0,_ZN7CxxTest14ErrorFormatterD0Ev
FNDA:1,_ZN7CxxTest14ErrorFormatterD2Ev
FNDA:1,_ZN7CxxTest14ErrorFormatterC2EPNS_12OutputStreamEPKcS4_S4_S4_
FNDA:1,_ZN7CxxTest14ErrorFormatter3runEv
FNDA:1,_ZN7CxxTest14ErrorFormatter10enterWorldERKNS_16WorldDescriptionE
FNDA:1,_ZN7CxxTest14ErrorFormatter10totalTestsERNS_12OutputStreamE
FNDA:1,_ZN7CxxTest14ErrorFormatter10enterSuiteERKNS_16SuiteDescriptionE
FNDA:1,_ZN7CxxTest14ErrorFormatter9enterTestERKNS_15TestDescriptionE
FNDA:1,_ZN7CxxTest14ErrorFormatter9leaveTestERKNS_15TestDescriptionE
FNDA:1,_ZN7CxxTest14ErrorFormatter10leaveWorldERKNS_16WorldDescriptionE
FNDA:0,_ZN7CxxTest14ErrorFormatter5traceEPKciS2_
FNDA:0,_ZN7CxxTest14ErrorFormatter7warningEPKciS2_
FNDA:0,_ZN7CxxTest14ErrorFormatter11skippedTestEPKciS2_
FNDA:0,_ZN7CxxTest14ErrorFormatter10failedTestEPKciS2_
FNDA:0,_ZN7CxxTest14ErrorFormatter12failedAssertEPKciS2_
FNDA:0,_ZN7CxxTest14ErrorFormatter18failedAssertEqualsEPKciS2_S2_S2_S2_
FNDA:0,_ZN7CxxTest14ErrorFormatter20failedAssertSameDataEPKciS2_S2_S2_PKvS4_j
FNDA:0,_ZN7CxxTest14ErrorFormatter21failedAssertSameFilesEPKciS2_S2_S2_
FNDA:0,_ZN7CxxTest14ErrorFormatter17failedAssertDeltaEPKciS2_S2_S2_S2_S2_S2_
FNDA:0,_ZN7CxxTest14ErrorFormatter19failedAssertDiffersEPKciS2_S2_S2_
FNDA:0,_ZN7CxxTest14ErrorFormatter20failedAssertLessThanEPKciS2_S2_S2_S2_
FNDA:0,_ZN7CxxTest14ErrorFormatter26failedAssertLessThanEqualsEPKciS2_S2_S2_S2_
FNDA:0,_ZN7CxxTest14ErrorFormatter20failedAssertRelationEPKciS2_S2_S2_S2_S2_
FNDA:0,_ZN7CxxTest14ErrorFormatter21failedAssertPredicateEPKciS2_S2_S2_
FNDA:0,_ZN7CxxTest14ErrorFormatter18failedAssertThrowsEPKciS2_S2_b
FNDA:0,_ZN7CxxTest14ErrorFormatter21failedAssertThrowsNotEPKciS2_
FNDA:1,_ZNK7CxxTest14ErrorFormatter12outputStreamEv
FNDA:0,_ZN7CxxTest14ErrorFormatter4stopEPKci
FNDA:0,_ZN7CxxTest14ErrorFormatter7newLineEv
FNDA:0,_ZN7CxxTest14ErrorFormatter10reportTestEv
FNDA:0,_ZN7CxxTest14ErrorFormatter4dumpEPKvj
FNDA:0,_ZN7CxxTest14ErrorFormatter8dumpNullEv
FNDA:0,_ZN7CxxTest14ErrorFormatter10dumpBufferEPKvj
FNDA:1,_ZN7CxxTest14ErrorFormatter4endlERNS_12OutputStreamE
FNF:42
FNH:15
DA:31,1
DA:34,1
DA:35,0
DA:36,0
DA:37,0
DA:41,2
DA:42,1
DA:45,1
DA:48,1
DA:57,1
DA:59,1
DA:61,1
DA:63,1
DA:64,1
DA:67,1
DA:69,1
DA:70,1
DA:71,1
DA:72,1
DA:73,1
DA:75,1
DA:78,1
DA:79,1
DA:80,1
DA:82,1
DA:84,1
DA:85,1
DA:87,1
DA:89,1
DA:90,1
DA:92,1
DA:94,1
DA:96,0
DA:97,0
DA:98,0
DA:99,0
DA:101,1
DA:103,1
DA:104,1
DA:105,1
DA:106,1
DA:108,1
DA:110,1
DA:112,1
DA:114,1
DA:115,2
DA:117,0
DA:118,0
DA:119,0
DA:120,0
DA:121,0
DA:123,0
DA:127,0
DA:131,0
DA:133,0
DA:134,0
DA:135,0
DA:137,0
DA:139,0
DA:140,0
DA:141,0
DA:143,0
DA:145,0
DA:146,0
DA:147,0
DA:149,0
DA:151,0
DA:152,0
DA:153,0
DA:155,0
DA:157,0
DA:158,0
DA:159,0
DA:161,0
DA:165,0
DA:166,0
DA:167,0
DA:168,0
DA:170,0
DA:175,0
DA:176,0
DA:177,0
DA:178,0
DA:179,0
DA:180,0
DA:182,0
DA:187,0
DA:188,0
DA:190,0
DA:194,0
DA:195,0
DA:196,0
DA:197,0
DA:199,0
DA:203,0
DA:204,0
DA:205,0
DA:206,0
DA:208,0
DA:212,0
DA:213,0
DA:214,0
DA:215,0
DA:217,0
DA:221,0
DA:222,0
DA:223,0
DA:224,0
DA:226,0
DA:230,0
DA:231,0
DA:232,0
DA:234,0
DA:237,0
DA:238,0
DA:239,0
DA:241,0
DA:245,0
DA:246,0
DA:247,0
DA:248,0
DA:250,0
DA:252,0
DA:253,0
DA:254,0
DA:257,1
DA:259,1
DA:266,0
DA:268,0
DA:269,0
DA:270,0
DA:273,0
DA:275,0
DA:277,0
DA:278,0
DA:280,0
DA:282,0
DA:284,0
DA:286,0
DA:288,0
DA:289,0
DA:292,0
DA:294,0
DA:296,0
DA:300,0
DA:302,0
DA:304,0
DA:306,0
DA:307,0
DA:309,0
DA:311,0
DA:312,0
DA:314,0
DA:317,0
DA:318,0
DA:319,0
DA:321,0
DA:323,0
DA:325,0
DA:327,0
DA:328,0
DA:330,1
DA:332,1
DA:333,1
LF:164
LH:44
end_of_record
SF:/usr/include/cxxtest/ErrorPrinter.h
FN:42,_ZN7CxxTest12ErrorPrinterC2ERSoPKcS3_S3_S3_
FN:46,_ZN7CxxTest12ErrorPrinterD0Ev
FN:46,_ZN7CxxTest12ErrorPrinterD2Ev
FN:49,_ZN7CxxTest12ErrorPrinter7AdapterD0Ev
FN:49,_ZN7CxxTest12ErrorPrinter7AdapterD2Ev
FN:53,_ZN7CxxTest12ErrorPrinter7AdapterC2ERSo
FN:54,_ZN7CxxTest12ErrorPrinter7Adapter5flushEv
FN:55,_ZN7CxxTest12ErrorPrinter7AdapterlsEPKc
FN:56,_ZN7CxxTest12ErrorPrinter7AdapterlsEPFvRNS_12OutputStreamEE
FN:57,_ZN7CxxTest12ErrorPrinter7AdapterlsEj
FNDA:1,_ZN7CxxTest12ErrorPrinterC2ERSoPKcS3_S3_S3_
FNDA:0,_ZN7CxxTest12ErrorPrinterD0Ev
FNDA:1,_ZN7CxxTest12ErrorPrinterD2Ev
FNDA:1,_ZN7CxxTest12ErrorPrinter7AdapterD0Ev
FNDA:1,_ZN7CxxTest12ErrorPrinter7AdapterD2Ev
FNDA:1,_ZN7CxxTest12ErrorPrinter7AdapterC2ERSo
FNDA:3,_ZN7CxxTest12ErrorPrinter7Adapter5flushEv
FNDA:9,_ZN7CxxTest12ErrorPrinter7AdapterlsEPKc
FNDA:2,_ZN7CxxTest12ErrorPrinter7AdapterlsEPFvRNS_12OutputStreamEE
FNDA:0,_ZN7CxxTest12ErrorPrinter7AdapterlsEj
FNF:10
FNH:8
DA:42,1
DA:45,1
DA:46,1
DA:49,2
DA:53,1
DA:54,3
DA:55,9
DA:56,2
DA:57,0
DA:60,0
DA:61,0
DA:62,0
LF:12
LH:8
end_of_record
SF:/usr/include/cxxtest/GlobalFixture.cpp
FN:19,_ZN7CxxTest13GlobalFixture10setUpWorldEv
FN:20,_ZN7CxxTest13GlobalFixture13tearDownWorldEv
FN:21,_ZN7CxxTest13GlobalFixture5setUpEv
FN:22,_ZN7CxxTest13GlobalFixture8tearDownEv
FN:24,_ZN7CxxTest13GlobalFixtureC2Ev
FN:25,_ZN7CxxTest13GlobalFixtureD0Ev
FN:25,_ZN7CxxTest13GlobalFixtureD2Ev
FN:27,_ZN7CxxTest13GlobalFixture18firstGlobalFixtureEv
FN:28,_ZN7CxxTest13GlobalFixture17lastGlobalFixtureEv
FN:29,_ZN7CxxTest13GlobalFixture17nextGlobalFixtureEv
FN:30,_ZN7CxxTest13GlobalFixture17prevGlobalFixtureEv
FNDA:0,_ZN7CxxTest13GlobalFixture10setUpWorldEv
FNDA:0,_ZN7CxxTest13GlobalFixture13tearDownWorldEv
FNDA:0,_ZN7CxxTest13GlobalFixture5setUpEv
FNDA:0,_ZN7CxxTest13GlobalFixture8tearDownEv
FNDA:0,_ZN7CxxTest13GlobalFixtureC2Ev
FNDA:0,_ZN7CxxTest13GlobalFixtureD0Ev
FNDA:0,_ZN7CxxTest13GlobalFixtureD2Ev
FNDA:2,_ZN7CxxTest13GlobalFixture18firstGlobalFixtureEv
FNDA:2,_ZN7CxxTest13GlobalFixture17lastGlobalFixtureEv
FNDA:0,_ZN7CxxTest13GlobalFixture17nextGlobalFixtureEv
FNDA:0,_ZN7CxxTest13GlobalFixture17prevGlobalFixtureEv
FNF:11
FNH:2
DA:19,0
DA:20,0
DA:21,0
DA:22,0
DA:24,0
DA:25,0
DA:27,2
DA:28,2
DA:29,0
DA:30,0
LF:10
LH:2
end_of_record
SF:/usr/include/cxxtest/LinkedList.cpp
FN:22,_ZN7CxxTest4List10initializeEv
FN:27,_ZN7CxxTest4List4headEv
FN:37,_ZNK7CxxTest4List4headEv
FN:47,_ZN7CxxTest4List4tailEv
FN:57,_ZNK7CxxTest4List4tailEv
FN:67,_ZNK7CxxTest4List5emptyEv
FN:72,_ZNK7CxxTest4List4sizeEv
FN:82,_ZN7CxxTest4List3nthEj
FN:92,_ZN7CxxTest4List11activateAllEv
FN:100,_ZN7CxxTest4List9leaveOnlyERKNS_4LinkE
FN:111,_ZN7CxxTest4LinkC2Ev
FN:118,_ZN7CxxTest4LinkD2Ev
FN:118,_ZN7CxxTest4LinkD0Ev
FN:122,_ZNK7CxxTest4Link6activeEv
FN:127,_ZN7CxxTest4Link9setActiveEb
FN:132,_ZN7CxxTest4Link8justNextEv
FN:137,_ZN7CxxTest4Link8justPrevEv
FN:142,_ZN7CxxTest4Link4nextEv
FN:152,_ZN7CxxTest4Link4prevEv
FN:162,_ZNK7CxxTest4Link4nextEv
FN:172,_ZNK7CxxTest4Link4prevEv
FN:182,_ZN7CxxTest4Link6attachERNS_4ListE
FN:199,_ZN7CxxTest4Link6detachERNS_4ListE
FNDA:0,_ZN7CxxTest4List10initializeEv
FNDA:6,_ZN7CxxTest4List4headEv
FNDA:2,_ZNK7CxxTest4List4headEv
FNDA:2,_ZN7CxxTest4List4tailEv
FNDA:0,_ZNK7CxxTest4List4tailEv
FNDA:0,_ZNK7CxxTest4List5emptyEv
FNDA:2,_ZNK7CxxTest4List4sizeEv
FNDA:0,_ZN7CxxTest4List3nthEj
FNDA:0,_ZN7CxxTest4List11activateAllEv
FNDA:0,_ZN7CxxTest4List9leaveOnlyERKNS_4LinkE
FNDA:6,_ZN7CxxTest4LinkC2Ev
FNDA:0,_ZN7CxxTest4LinkD0Ev
FNDA:4,_ZN7CxxTest4LinkD2Ev
FNDA:8,_ZNK7CxxTest4Link6activeEv
FNDA:0,_ZN7CxxTest4Link9setActiveEb
FNDA:0,_ZN7CxxTest4Link8justNextEv
FNDA:0,_ZN7CxxTest4Link8justPrevEv
FNDA:2,_ZN7CxxTest4Link4nextEv
FNDA:0,_ZN7CxxTest4Link4prevEv
FNDA:4,_ZNK7CxxTest4Link4nextEv
FNDA:0,_ZNK7CxxTest4Link4prevEv
FNDA:2,_ZN7CxxTest4Link6attachERNS_4ListE
FNDA:0,_ZN7CxxTest4Link6detachERNS_4ListE
FNF:23
FNH:10
DA:22,0
DA:24,0
DA:25,0
DA:27,6
DA:29,6
DA:30,12
DA:32,0
DA:34,6
DA:37,2
DA:39,2
DA:40,4
DA:42,0
DA:44,2
DA:47,2
DA:49,2
DA:50,4
DA:52,0
DA:54,2
DA:57,0
DA:59,0
DA:60,0
DA:62,0
DA:64,0
DA:67,0
DA:69,0
DA:72,2
DA:74,2
DA:75,4
DA:77,2
DA:79,2
DA:82,0
DA:84,0
DA:85,0
DA:87,0
DA:89,0
DA:92,0
DA:94,0
DA:96,0
DA:98,0
DA:100,0
DA:102,0
DA:104,0
DA:106,0
DA:109,0
DA:111,6
DA:114,6
DA:116,6
DA:118,4
DA:120,4
DA:122,8
DA:124,8
DA:127,0
DA:129,0
DA:130,0
DA:132,0
DA:134,0
DA:137,0
DA:139,0
DA:142,2
DA:144,2
DA:145,4
DA:147,0
DA:149,2
DA:152,0
DA:154,0
DA:155,0
DA:157,0
DA:159,0
DA:162,4
DA:164,4
DA:165,8
DA:167,0
DA:169,4
DA:172,0
DA:174,0
DA:175,0
DA:177,0
DA:179,0
DA:182,2
DA:184,2
DA:186,0
DA:189,2
DA:190,2
DA:192,2
DA:194,2
DA:196,2
DA:197,2
DA:199,0
DA:201,0
DA:203,0
DA:207,0
DA:210,0
DA:212,0
DA:216,0
DA:218,0
LF:95
LH:40
end_of_record
SF:/usr/include/cxxtest/RealDescriptions.cpp
FN:24,_ZN7CxxTest19RealTestDescriptionC2Ev
FN:28,_ZN7CxxTest19RealTestDescriptionC2ERNS_4ListERNS_16SuiteDescriptionEjPKc
FN:36,_ZN7CxxTest19RealTestDescription10initializeERNS_4ListERNS_16SuiteDescriptionEjPKc
FN:47,_ZN7CxxTest19RealTestDescription5setUpEv
FN:79,_ZN7CxxTest19RealTestDescription8tearDownEv
FN:109,_ZNK7CxxTest19RealTestDescription4fileEv
FN:110,_ZNK7CxxTest19RealTestDescription4lineEv
FN:111,_ZNK7CxxTest19RealTestDescription8testNameEv
FN:112,_ZNK7CxxTest19RealTestDescription9suiteNameEv
FN:114,_ZN7CxxTest19RealTestDescription4nextEv
FN:115,_ZNK7CxxTest19RealTestDescription4nextEv
FN:117,_ZNK7CxxTest19RealTestDescription5suiteEv
FN:119,_ZN7CxxTest19RealTestDescription3runEv
FN:127,_ZN7CxxTest20RealSuiteDescriptionC2Ev
FN:128,_ZN7CxxTest20RealSuiteDescriptionC2EPKcjS2_RNS_4ListE
FN:136,_ZN7CxxTest20RealSuiteDescription10initializeEPKcjS2_RNS_4ListE
FN:149,_ZNK7CxxTest20RealSuiteDescription4fileEv
FN:150,_ZNK7CxxTest20RealSuiteDescription4lineEv
FN:151,_ZNK7CxxTest20RealSuiteDescription9suiteNameEv
FN:153,_ZN7CxxTest20RealSuiteDescription9firstTestEv
FN:154,_ZNK7CxxTest20RealSuiteDescription9firstTestEv
FN:155,_ZN7CxxTest20RealSuiteDescription4nextEv
FN:156,_ZNK7CxxTest20RealSuiteDescription4nextEv
FN:158,_ZNK7CxxTest20RealSuiteDescription8numTestsEv
FN:160,_ZNK7CxxTest20RealSuiteDescription15testDescriptionEj
FN:165,_ZN7CxxTest20RealSuiteDescription16activateAllTestsEv
FN:170,_ZN7CxxTest20RealSuiteDescription9leaveOnlyEPKc
FN:183,_ZN7CxxTest22StaticSuiteDescriptionC2Ev
FN:184,_ZN7CxxTest22StaticSuiteDescriptionC2EPKcjS2_RNS_9TestSuiteERNS_4ListE
FN:192,_ZN7CxxTest22StaticSuiteDescription10initializeEPKcjS2_RNS_9TestSuiteERNS_4ListE
FN:200,_ZN7CxxTest22StaticSuiteDescription12doInitializeERNS_9TestSuiteE
FN:205,_ZNK7CxxTest22StaticSuiteDescription5suiteEv
FN:210,_ZN7CxxTest22StaticSuiteDescription5setUpEv
FN:211,_ZN7CxxTest22StaticSuiteDescription8tearDownEv
FN:213,_ZN7CxxTest29CommonDynamicSuiteDescriptionC2Ev
FN:214,_ZN7CxxTest29CommonDynamicSuiteDescriptionC2EPKcjS2_RNS_4ListEjj
FN:222,_ZN7CxxTest29CommonDynamicSuiteDescription10initializeEPKcjS2_RNS_4ListEjj
FN:230,_ZN7CxxTest29CommonDynamicSuiteDescription12doInitializeEjj
FN:236,_ZN7CxxTest20RealWorldDescription6suitesEv
FN:241,_ZNK7CxxTest20RealWorldDescription9numSuitesEv
FN:246,_ZNK7CxxTest20RealWorldDescription13numTotalTestsEv
FN:256,_ZN7CxxTest20RealWorldDescription10firstSuiteEv
FN:261,_ZNK7CxxTest20RealWorldDescription10firstSuiteEv
FN:266,_ZNK7CxxTest20RealWorldDescription16suiteDescriptionEj
FN:271,_ZN7CxxTest20RealWorldDescription16activateAllTestsEv
FN:280,_ZN7CxxTest20RealWorldDescription9leaveOnlyEPKcS2_
FN:300,_ZN7CxxTest20RealWorldDescription5setUpEv
FN:326,_ZN7CxxTest20RealWorldDescription8tearDownEv
FN:344,_ZN7CxxTest20RealWorldDescription11reportErrorEPKc
FN:349,_ZN7CxxTest16activateAllTestsEv
FN:354,_ZN7CxxTest9leaveOnlyEPKcS1_
FNDA:0,_ZN7CxxTest19RealTestDescriptionC2Ev
FNDA:1,_ZN7CxxTest19RealTestDescriptionC2ERNS_4ListERNS_16SuiteDescriptionEjPKc
FNDA:1,_ZN7CxxTest19RealTestDescription10initializeERNS_4ListERNS_16SuiteDescriptionEjPKc
FNDA:1,_ZN7CxxTest19RealTestDescription5setUpEv
FNDA:1,_ZN7CxxTest19RealTestDescription8tearDownEv
FNDA:0,_ZNK7CxxTest19RealTestDescription4fileEv
FNDA:0,_ZNK7CxxTest19RealTestDescription4lineEv
FNDA:0,_ZNK7CxxTest19RealTestDescription8testNameEv
FNDA:0,_ZNK7CxxTest19RealTestDescription9suiteNameEv
FNDA:1,_ZN7CxxTest19RealTestDescription4nextEv
FNDA:0,_ZNK7CxxTest19RealTestDescription4nextEv
FNDA:4,_ZNK7CxxTest19RealTestDescription5suiteEv
FNDA:1,_ZN7CxxTest19RealTestDescription3runEv
FNDA:0,_ZN7CxxTest20RealSuiteDescriptionC2Ev
FNDA:1,_ZN7CxxTest20RealSuiteDescriptionC2EPKcjS2_RNS_4ListE
FNDA:1,_ZN7CxxTest20RealSuiteDescription10initializeEPKcjS2_RNS_4ListE
FNDA:0,_ZNK7CxxTest20RealSuiteDescription4fileEv
FNDA:0,_ZNK7CxxTest20RealSuiteDescription4lineEv
FNDA:0,_ZNK7CxxTest20RealSuiteDescription9suiteNameEv
FNDA:1,_ZN7CxxTest20RealSuiteDescription9firstTestEv
FNDA:0,_ZNK7CxxTest20RealSuiteDescription9firstTestEv
FNDA:1,_ZN7CxxTest20RealSuiteDescription4nextEv
FNDA:2,_ZNK7CxxTest20RealSuiteDescription4nextEv
FNDA:2,_ZNK7CxxTest20RealSuiteDescription8numTestsEv
FNDA:0,_ZNK7CxxTest20RealSuiteDescription15testDescriptionEj
FNDA:0,_ZN7CxxTest20RealSuiteDescription16activateAllTestsEv
FNDA:0,_ZN7CxxTest20RealSuiteDescription9leaveOnlyEPKc
FNDA:0,_ZN7CxxTest22StaticSuiteDescriptionC2Ev
FNDA:1,_ZN7CxxTest22StaticSuiteDescriptionC2EPKcjS2_RNS_9TestSuiteERNS_4ListE
FNDA:0,_ZN7CxxTest22StaticSuiteDescription10initializeEPKcjS2_RNS_9TestSuiteERNS_4ListE
FNDA:1,_ZN7CxxTest22StaticSuiteDescription12doInitializeERNS_9TestSuiteE
FNDA:4,_ZNK7CxxTest22StaticSuiteDescription5suiteEv
FNDA:1,_ZN7CxxTest22StaticSuiteDescription5setUpEv
FNDA:1,_ZN7CxxTest22StaticSuiteDescription8tearDownEv
FNDA:0,_ZN7CxxTest29CommonDynamicSuiteDescriptionC2Ev
FNDA:0,_ZN7CxxTest29CommonDynamicSuiteDescriptionC2EPKcjS2_RNS_4ListEjj
FNDA:0,_ZN7CxxTest29CommonDynamicSuiteDescription10initializeEPKcjS2_RNS_4ListEjj
FNDA:0,_ZN7CxxTest29CommonDynamicSuiteDescription12doInitializeEjj
FNDA:3,_ZN7CxxTest20RealWorldDescription6suitesEv
FNDA:0,_ZNK7CxxTest20RealWorldDescription9numSuitesEv
FNDA:2,_ZNK7CxxTest20RealWorldDescription13numTotalTestsEv
FNDA:1,_ZN7CxxTest20RealWorldDescription10firstSuiteEv
FNDA:2,_ZNK7CxxTest20RealWorldDescription10firstSuiteEv
FNDA:0,_ZNK7CxxTest20RealWorldDescription16suiteDescriptionEj
FNDA:0,_ZN7CxxTest20RealWorldDescription16activateAllTestsEv
FNDA:0,_ZN7CxxTest20RealWorldDescription9leaveOnlyEPKcS2_
FNDA:1,_ZN7CxxTest20RealWorldDescription5setUpEv
FNDA:1,_ZN7CxxTest20RealWorldDescription8tearDownEv
FNDA:0,_ZN7CxxTest20RealWorldDescription11reportErrorEPKc
FNDA:0,_ZN7CxxTest16activateAllTestsEv
FNDA:0,_ZN7CxxTest9leaveOnlyEPKcS1_
FNF:51
FNH:24
DA:24,0
DA:26,0
DA:28,1
DA:31,1
DA:33,1
DA:34,1
DA:36,1
DA:41,1
DA:42,1
DA:43,1
DA:44,1
DA:45,1
DA:47,1
DA:49,1
DA:51,0
DA:54,1
DA:57,0
DA:60,0
DA:62,0
DA:63,0
DA:69,1
DA:70,1
DA:71,1
DA:76,1
DA:79,1
DA:81,1
DA:83,0
DA:88,1
DA:93,1
DA:96,0
DA:99,0
DA:101,0
DA:102,0
DA:106,1
DA:109,0
DA:110,0
DA:111,0
DA:112,0
DA:114,1
DA:115,0
DA:117,4
DA:119,1
DA:121,1
DA:125,1
DA:127,0
DA:128,1
DA:131,1
DA:133,1
DA:134,1
DA:136,1
DA:141,1
DA:142,1
DA:143,1
DA:144,1
DA:146,1
DA:147,1
DA:149,0
DA:150,0
DA:151,0
DA:153,1
DA:154,0
DA:155,1
DA:156,2
DA:158,2
DA:160,0
DA:162,0
DA:165,0
DA:167,0
DA:168,0
DA:170,0
DA:172,0
DA:174,0
DA:176,0
DA:177,0
DA:180,0
DA:183,0
DA:184,1
DA:187,1
DA:189,1
DA:190,1
DA:192,0
DA:196,0
DA:197,0
DA:198,0
DA:200,1
DA:202,1
DA:203,1
DA:205,4
DA:207,4
DA:210,1
DA:211,1
DA:213,0
DA:214,0
DA:217,0
DA:219,0
DA:220,0
DA:222,0
DA:226,0
DA:227,0
DA:228,0
DA:230,0
DA:232,0
DA:233,0
DA:234,0
DA:236,3
DA:238,3
DA:241,0
DA:243,0
DA:246,2
DA:248,2
DA:249,4
DA:251,2
DA:253,2
DA:256,1
DA:258,1
DA:261,2
DA:263,2
DA:266,0
DA:268,0
DA:271,0
DA:273,0
DA:274,0
DA:276,0
DA:278,0
DA:280,0
DA:282,0
DA:284,0
DA:286,0
DA:288,0
DA:290,0
DA:293,0
DA:294,0
DA:297,0
DA:300,1
DA:302,1
DA:307,0
DA:308,0
DA:310,0
DA:311,0
DA:316,0
DA:318,0
DA:319,0
DA:323,1
DA:326,1
DA:328,1
DA:331,0
DA:334,0
DA:336,0
DA:337,0
DA:341,1
DA:344,0
DA:346,0
DA:347,0
DA:349,0
DA:351,0
DA:352,0
DA:354,0
DA:356,0
LF:158
LH:70
end_of_record
SF:/usr/include/cxxtest/RealDescriptions.h
FN:25,_ZN7CxxTest19RealTestDescriptionD2Ev
FN:25,_ZN7CxxTest19RealTestDescriptionD0Ev
FN:57,_ZN7CxxTest20RealSuiteDescriptionD2Ev
FN:57,_ZN7CxxTest20RealSuiteDescriptionD0Ev
FN:93,_ZN7CxxTest22StaticSuiteDescriptionD2Ev
FN:93,_ZN7CxxTest22StaticSuiteDescriptionD0Ev
FN:118,_ZN7CxxTest29CommonDynamicSuiteDescriptionD2Ev
FN:118,_ZN7CxxTest29CommonDynamicSuiteDescriptionD0Ev
FN:218,_ZN7CxxTest20RealWorldDescriptionD0Ev
FN:218,_ZN7CxxTest20RealWorldDescriptionD2Ev
FN:218,_ZN7CxxTest20RealWorldDescriptionC2Ev
FN:222,_ZNK7CxxTest20RealWorldDescription9worldNameEv
FNDA:0,_ZN7CxxTest19RealTestDescriptionD0Ev
FNDA:0,_ZN7CxxTest19RealTestDescriptionD2Ev
FNDA:0,_ZN7CxxTest20RealSuiteDescriptionD0Ev
FNDA:0,_ZN7CxxTest20RealSuiteDescriptionD2Ev
FNDA:0,_ZN7CxxTest22StaticSuiteDescriptionD0Ev
FNDA:0,_ZN7CxxTest22StaticSuiteDescriptionD2Ev
FNDA:0,_ZN7CxxTest29CommonDynamicSuiteDescriptionD0Ev
FNDA:0,_ZN7CxxTest29CommonDynamicSuiteDescriptionD2Ev
FNDA:0,_ZN7CxxTest20RealWorldDescriptionD0Ev
FNDA:1,_ZN7CxxTest20RealWorldDescriptionD2Ev
FNDA:1,_ZN7CxxTest20RealWorldDescriptionC2Ev
FNDA:1,_ZNK7CxxTest20RealWorldDescription9worldNameEv
FNF:12
FNH:3
DA:25,0
DA:57,0
DA:93,0
DA:118,0
DA:218,2
DA:222,1
LF:6
LH:2
end_of_record
SF:/usr/include/cxxtest/TestListener.h
FN:31,_ZN7CxxTest12TestListenerC2Ev
FN:32,_ZN7CxxTest12TestListenerD0Ev
FN:32,_ZN7CxxTest12TestListenerD2Ev
FN:33,_ZN7CxxTest12TestListener19process_commandlineERiPPc
FN:35,_ZN7CxxTest12TestListener10enterWorldERKNS_16WorldDescriptionE
FN:36,_ZN7CxxTest12TestListener10enterSuiteERKNS_16SuiteDescriptionE
FN:37,_ZN7CxxTest12TestListener9enterTestERKNS_15TestDescriptionE
FN:38,_ZN7CxxTest12TestListener5traceEPKciS2_
FN:40,_ZN7CxxTest12TestListener7warningEPKciS2_
FN:42,_ZN7CxxTest12TestListener11skippedTestEPKciS2_
FN:44,_ZN7CxxTest12TestListener10failedTestEPKciS2_
FN:46,_ZN7CxxTest12TestListener12failedAssertEPKciS2_
FN:48,_ZN7CxxTest12TestListener18failedAssertEqualsEPKciS2_S2_S2_S2_
FN:51,_ZN7CxxTest12TestListener20failedAssertSameDataEPKciS2_S2_S2_PKvS4_j
FN:55,_ZN7CxxTest12TestListener17failedAssertDeltaEPKciS2_S2_S2_S2_S2_S2_
FN:59,_ZN7CxxTest12TestListener19failedAssertDiffersEPKciS2_S2_S2_
FN:62,_ZN7CxxTest12TestListener20failedAssertLessThanEPKciS2_S2_S2_S2_
FN:65,_ZN7CxxTest12TestListener26failedAssertLessThanEqualsEPKciS2_S2_S2_S2_
FN:68,_ZN7CxxTest12TestListener21failedAssertPredicateEPKciS2_S2_S2_
FN:70,_ZN7CxxTest12TestListener20failedAssertRelationEPKciS2_S2_S2_S2_S2_
FN:73,_ZN7CxxTest12TestListener18failedAssertThrowsEPKciS2_S2_b
FN:76,_ZN7CxxTest12TestListener21failedAssertThrowsNotEPKciS2_
FN:78,_ZN7CxxTest12TestListener21failedAssertSameFilesEPKciS2_S2_S2_
FN:80,_ZN7CxxTest12TestListener9leaveTestERKNS_15TestDescriptionE
FN:81,_ZN7CxxTest12TestListener10leaveSuiteERKNS_16SuiteDescriptionE
FN:82,_ZN7CxxTest12TestListener10leaveWorldERKNS_16WorldDescriptionE
FNDA:3,_ZN7CxxTest12TestListenerC2Ev
FNDA:0,_ZN7CxxTest12TestListenerD0Ev
FNDA:3,_ZN7CxxTest12TestListenerD2Ev
FNDA:1,_ZN7CxxTest12TestListener19process_commandlineERiPPc
FNDA:0,_ZN7CxxTest12TestListener10enterWorldERKNS_16WorldDescriptionE
FNDA:0,_ZN7CxxTest12TestListener10enterSuiteERKNS_16SuiteDescriptionE
FNDA:0,_ZN7CxxTest12TestListener9enterTestERKNS_15TestDescriptionE
FNDA:0,_ZN7CxxTest12TestListener5traceEPKciS2_
FNDA:0,_ZN7CxxTest12TestListener7warningEPKciS2_
FNDA:0,_ZN7CxxTest12TestListener11skippedTestEPKciS2_
FNDA:0,_ZN7CxxTest12TestListener10failedTestEPKciS2_
FNDA:0,_ZN7CxxTest12TestListener12failedAssertEPKciS2_
FNDA:0,_ZN7CxxTest12TestListener18failedAssertEqualsEPKciS2_S2_S2_S2_
FNDA:0,_ZN7CxxTest12TestListener20failedAssertSameDataEPKciS2_S2_S2_PKvS4_j
FNDA:0,_ZN7CxxTest12TestListener17failedAssertDeltaEPKciS2_S2_S2_S2_S2_S2_
FNDA:0,_ZN7CxxTest12TestListener19failedAssertDiffersEPKciS2_S2_S2_
FNDA:0,_ZN7CxxTest12TestListener20failedAssertLessThanEPKciS2_S2_S2_S2_
FNDA:0,_ZN7CxxTest12TestListener26failedAssertLessThanEqualsEPKciS2_S2_S2_S2_
FNDA:0,_ZN7CxxTest12TestListener21failedAssertPredicateEPKciS2_S2_S2_
FNDA:0,_ZN7CxxTest12TestListener20failedAssertRelationEPKciS2_S2_S2_S2_S2_
FNDA:0,_ZN7CxxTest12TestListener18failedAssertThrowsEPKciS2_S2_b
FNDA:0,_ZN7CxxTest12TestListener21failedAssertThrowsNotEPKciS2_
FNDA:0,_ZN7CxxTest12TestListener21failedAssertSameFilesEPKciS2_S2_S2_
FNDA:0,_ZN7CxxTest12TestListener9leaveTestERKNS_15TestDescriptionE
FNDA:1,_ZN7CxxTest12TestListener10leaveSuiteERKNS_16SuiteDescriptionE
FNDA:0,_ZN7CxxTest12TestListener10leaveWorldERKNS_16WorldDescriptionE
FNF:26
FNH:4
DA:31,3
DA:32,3
DA:33,1
DA:35,0
DA:36,0
DA:37,0
DA:38,0
DA:39,0
DA:40,0
DA:41,0
DA:42,0
DA:43,0
DA:44,0
DA:45,0
DA:46,0
DA:47,0
DA:48,0
DA:50,0
DA:51,0
DA:54,0
DA:55,0
DA:58,0
DA:59,0
DA:61,0
DA:62,0
DA:64,0
DA:65,0
DA:67,0
DA:68,0
DA:69,0
DA:70,0
DA:72,0
DA:73,0
DA:75,0
DA:76,0
DA:77,0
DA:78,0
DA:79,0
DA:80,0
DA:81,1
DA:82,0
LF:41
LH:4
end_of_record
SF:/usr/include/cxxtest/TestMain.h
FN:36,_ZN7CxxTest10print_helpEPKc
FN:49,_ZN7CxxTest4MainINS_12ErrorPrinterEEEiRT_iPPc
FNDA:0,_ZN7CxxTest10print_helpEPKc
FNDA:1,_ZN7CxxTest4MainINS_12ErrorPrinterEEEiRT_iPPc
FNF:2
FNH:1
DA:36,0
DA:38,0
DA:39,0
DA:40,0
DA:41,0
DA:42,0
DA:43,0
DA:44,0
DA:49,1
DA:62,1
DA:64,0
DA:66,0
DA:67,0
DA:69,0
DA:71,0
DA:72,0
DA:73,0
DA:74,0
DA:76,0
DA:78,0
DA:85,2
DA:87,0
DA:89,0
DA:93,0
DA:94,0
DA:96,0
DA:98,0
DA:100,0
DA:106,1
DA:107,1
DA:109,0
DA:110,0
DA:112,0
DA:113,0
DA:116,1
DA:118,0
DA:119,0
DA:121,0
DA:122,0
DA:127,1
DA:128,1
LF:41
LH:8
end_of_record
SF:/usr/include/cxxtest/TestRunner.h
FN:37,_ZN7CxxTest10TestRunner11runAllTestsERNS_12TestListenerE
FN:55,_ZN7CxxTest10TestRunner8runWorldEv
FN:76,_ZN7CxxTest10TestRunner8runSuiteERNS_16SuiteDescriptionE
FN:96,_ZN7CxxTest10TestRunner7runTestERNS_15TestDescriptionE
FN:117,_ZN7CxxTest10TestRunner10StateGuardC2Ev
FN:125,_ZN7CxxTest10TestRunner10StateGuardD2Ev
FN:134,_ZN7CxxTest10TestRunner10WorldGuardD2Ev
FN:137,_ZN7CxxTest10TestRunner10WorldGuardC2Ev
FNDA:1,_ZN7CxxTest10TestRunner11runAllTestsERNS_12TestListenerE
FNDA:1,_ZN7CxxTest10TestRunner8runWorldEv
FNDA:1,_ZN7CxxTest10TestRunner8runSuiteERNS_16SuiteDescriptionE
FNDA:1,_ZN7CxxTest10TestRunner7runTestERNS_15TestDescriptionE
FNDA:3,_ZN7CxxTest10TestRunner10StateGuardC2Ev
FNDA:3,_ZN7CxxTest10TestRunner10StateGuardD2Ev
FNDA:1,_ZN7CxxTest10TestRunner10WorldGuardD2Ev
FNDA:1,_ZN7CxxTest10TestRunner10WorldGuardC2Ev
FNF:8
FNH:8
DA:37,1
DA:39,1
DA:40,1
DA:42,1
DA:43,1
DA:55,1
DA:57,1
DA:58,2
DA:60,1
DA:61,1
DA:63,2
DA:65,1
DA:67,1
DA:71,1
DA:73,2
DA:74,1
DA:76,1
DA:78,1
DA:80,1
DA:81,1
DA:83,2
DA:85,1
DA:87,1
DA:91,1
DA:93,1
DA:94,1
DA:96,1
DA:98,1
DA:100,1
DA:101,1
DA:103,1
DA:104,1
DA:106,1
DA:107,1
DA:117,3
DA:122,3
DA:123,3
DA:125,3
DA:130,3
DA:131,3
DA:134,1
DA:137,1
DA:142,1
DA:143,1
LF:44
LH:44
end_of_record
SF:/usr/include/cxxtest/TestSuite.cpp
FN:25,_ZN7CxxTest9TestSuiteD2Ev
FN:25,_ZN7CxxTest9TestSuiteD0Ev
FN:26,_ZN7CxxTest9TestSuite5setUpEv
FN:27,_ZN7CxxTest9TestSuite8tearDownEv
FN:34,_ZN7CxxTest15abortTestOnFailEv
FN:39,_ZN7CxxTest18setAbortTestOnFailEb
FN:44,_ZN7CxxTest11doAbortTestEv
FN:59,_ZN7CxxTest11maxDumpSizeEv
FN:64,_ZN7CxxTest14setMaxDumpSizeEj
FN:72,_ZN7CxxTest7doTraceEPKciS1_
FN:80,_ZN7CxxTest6doWarnEPKciS1_
FN:91,_ZN7CxxTest10doSkipTestEPKciS1_
FN:97,_ZN7CxxTest10doFailTestEPKciS1_
FN:103,_ZN7CxxTest12doFailAssertEPKciS1_S1_
FN:114,_ZN7CxxTest8sameDataEPKvS1_j
FN:144,_ZN7CxxTest16doAssertSameDataEPKciS1_PKvS1_S3_S1_jS1_
FN:162,_ZN7CxxTest9sameFilesEPKcS1_RSt19basic_ostringstreamIcSt11char_traitsIcESaIcEE
FN:258,_ZN7CxxTest17doAssertSameFilesEPKciS1_S1_S1_
FN:279,_ZN7CxxTest18doFailAssertThrowsEPKciS1_S1_bS1_S1_
FN:298,_ZN7CxxTest21doFailAssertThrowsNotEPKciS1_S1_S1_
FNDA:0,_ZN7CxxTest9TestSuiteD0Ev
FNDA:0,_ZN7CxxTest9TestSuiteD2Ev
FNDA:0,_ZN7CxxTest9TestSuite5setUpEv
FNDA:0,_ZN7CxxTest9TestSuite8tearDownEv
FNDA:0,_ZN7CxxTest15abortTestOnFailEv
FNDA:0,_ZN7CxxTest18setAbortTestOnFailEb
FNDA:0,_ZN7CxxTest11doAbortTestEv
FNDA:3,_ZN7CxxTest11maxDumpSizeEv
FNDA:4,_ZN7CxxTest14setMaxDumpSizeEj
FNDA:0,_ZN7CxxTest7doTraceEPKciS1_
FNDA:0,_ZN7CxxTest6doWarnEPKciS1_
FNDA:0,_ZN7CxxTest10doSkipTestEPKciS1_
FNDA:0,_ZN7CxxTest10doFailTestEPKciS1_
FNDA:0,_ZN7CxxTest12doFailAssertEPKciS1_S1_
FNDA:0,_ZN7CxxTest8sameDataEPKvS1_j
FNDA:0,_ZN7CxxTest16doAssertSameDataEPKciS1_PKvS1_S3_S1_jS1_
FNDA:0,_ZN7CxxTest9sameFilesEPKcS1_RSt19basic_ostringstreamIcSt11char_traitsIcESaIcEE
FNDA:0,_ZN7CxxTest17doAssertSameFilesEPKciS1_S1_S1_
FNDA:0,_ZN7CxxTest18doFailAssertThrowsEPKciS1_S1_bS1_S1_
FNDA:0,_ZN7CxxTest21doFailAssertThrowsNotEPKciS1_S1_S1_
FNF:20
FNH:2
DA:25,0
DA:26,0
DA:27,0
DA:34,0
DA:36,0
DA:39,0
DA:41,0
DA:42,0
DA:44,0
DA:52,0
DA:59,3
DA:61,3
DA:64,4
DA:66,4
DA:67,4
DA:72,0
DA:74,0
DA:76,0
DA:78,0
DA:80,0
DA:82,0
DA:83,0
DA:91,0
DA:93,0
DA:95,0
DA:97,0
DA:99,0
DA:100,0
DA:101,0
DA:103,0
DA:106,0
DA:108,0
DA:110,0
DA:111,0
DA:112,0
DA:114,0
DA:116,0
DA:118,0
DA:121,0
DA:123,0
DA:126,0
DA:128,0
DA:131,0
DA:132,0
DA:133,0
DA:135,0
DA:137,0
DA:141,0
DA:144,0
DA:150,0
DA:152,0
DA:154,0
DA:156,0
DA:157,0
DA:159,0
DA:162,0
DA:164,0
DA:165,0
DA:166,0
DA:167,0
DA:169,0
DA:170,0
DA:171,0
DA:172,0
DA:173,0
DA:175,0
DA:176,0
DA:178,0
DA:180,0
DA:181,0
DA:184,0
DA:188,0
DA:189,0
DA:190,0
DA:191,0
DA:193,0
DA:194,0
DA:195,0
DA:196,0
DA:198,0
DA:199,0
DA:201,0
DA:202,0
DA:204,0
DA:206,0
DA:207,0
DA:208,0
DA:209,0
DA:211,0
DA:212,0
DA:214,0
DA:215,0
DA:217,0
DA:219,0
DA:220,0
DA:222,0
DA:223,0
DA:224,0
DA:226,0
DA:227,0
DA:229,0
DA:231,0
DA:232,0
DA:233,0
DA:235,0
DA:236,0
DA:238,0
DA:240,0
DA:242,0
DA:244,0
DA:245,0
DA:246,0
DA:247,0
DA:248,0
DA:252,0
DA:254,0
DA:258,0
DA:263,0
DA:264,0
DA:266,0
DA:268,0
DA:270,0
DA:271,0
DA:272,0
DA:277,0
DA:279,0
DA:285,0
DA:287,0
DA:289,0
DA:291,0
DA:294,0
DA:295,0
DA:296,0
DA:298,0
DA:302,0
DA:304,0
DA:306,0
DA:308,0
DA:311,0
DA:312,0
DA:313,0
LF:141
LH:5
end_of_record
SF:/usr/include/cxxtest/TestSuite.h
FN:35,_ZN7CxxTest9TestSuiteC2Ev
FN:63,_ZN7CxxTest6equalsIjjE4testEjj
FN:134,_ZN7CxxTest14doAssertEqualsIhiEEvPKciS2_T_S2_T0_S2_
FN:713,_ZN7CxxTest6equalsIhiE4testEhi
FNDA:1,_ZN7CxxTest9TestSuiteC2Ev
FNDA:60,_ZN7CxxTest6equalsIjjE4testEjj
FNDA:60,_ZN7CxxTest14doAssertEqualsIhiEEvPKciS2_T_S2_T0_S2_
FNDA:60,_ZN7CxxTest6equalsIhiE4testEhi
FNF:4
FNH:4
DA:35,1
DA:63,60
DA:65,60
DA:134,60
DA:139,60
DA:141,0
DA:143,0
DA:145,0
DA:146,0
DA:148,60
DA:713,60
LF:11
LH:7
end_of_record
SF:/usr/include/cxxtest/TestTracker.cpp
FN:22,_ZN7CxxTest11TestTrackerC2Ev
FN:32,_ZN7CxxTest11TestTrackerD2Ev
FN:32,_ZN7CxxTest11TestTrackerD0Ev
FN:36,_ZN7CxxTest11TestTracker7trackerEv
FN:42,_ZN7CxxTest11TestTracker10initializeEv
FN:56,_ZNK7CxxTest11TestTracker7fixTestEPKNS_15TestDescriptionE
FN:61,_ZNK7CxxTest11TestTracker8fixSuiteEPKNS_16SuiteDescriptionE
FN:66,_ZNK7CxxTest11TestTracker8fixWorldEPKNS_16WorldDescriptionE
FN:71,_ZNK7CxxTest11TestTracker9dummyTestEv
FN:76,_ZNK7CxxTest11TestTracker10dummySuiteEv
FN:81,_ZNK7CxxTest11TestTracker10dummyWorldEv
FN:86,_ZN7CxxTest11TestTracker11setListenerEPNS_12TestListenerE
FN:91,_ZN7CxxTest11TestTracker10enterWorldERKNS_16WorldDescriptionE
FN:99,_ZN7CxxTest11TestTracker10enterSuiteERKNS_16SuiteDescriptionE
FN:107,_ZN7CxxTest11TestTracker9enterTestERKNS_15TestDescriptionE
FN:115,_ZN7CxxTest11TestTracker9leaveTestERKNS_15TestDescriptionE
FN:121,_ZN7CxxTest11TestTracker10leaveSuiteERKNS_16SuiteDescriptionE
FN:127,_ZN7CxxTest11TestTracker10leaveWorldERKNS_16WorldDescriptionE
FN:133,_ZN7CxxTest11TestTracker5traceEPKciS2_
FN:138,_ZN7CxxTest11TestTracker7warningEPKciS2_
FN:144,_ZN7CxxTest11TestTracker11skippedTestEPKciS2_
FN:151,_ZN7CxxTest11TestTracker10failedTestEPKciS2_
FN:157,_ZN7CxxTest11TestTracker12failedAssertEPKciS2_
FN:163,_ZN7CxxTest11TestTracker18failedAssertEqualsEPKciS2_S2_S2_S2_
FN:171,_ZN7CxxTest11TestTracker20failedAssertSameDataEPKciS2_S2_S2_PKvS4_j
FN:180,_ZN7CxxTest11TestTracker17failedAssertDeltaEPKciS2_S2_S2_S2_S2_S2_
FN:188,_ZN7CxxTest11TestTracker19failedAssertDiffersEPKciS2_S2_S2_
FN:196,_ZN7CxxTest11TestTracker20failedAssertLessThanEPKciS2_S2_S2_S2_
FN:204,_ZN7CxxTest11TestTracker26failedAssertLessThanEqualsEPKciS2_S2_S2_S2_
FN:212,_ZN7CxxTest11TestTracker21failedAssertPredicateEPKciS2_S2_S2_
FN:219,_ZN7CxxTest11TestTracker20failedAssertRelationEPKciS2_S2_S2_S2_S2_
FN:227,_ZN7CxxTest11TestTracker18failedAssertThrowsEPKciS2_S2_b
FN:235,_ZN7CxxTest11TestTracker21failedAssertThrowsNotEPKciS2_
FN:241,_ZN7CxxTest11TestTracker21failedAssertSameFilesEPKciS2_S2_S2_
FN:247,_ZN7CxxTest11TestTracker8setWorldEPKNS_16WorldDescriptionE
FN:253,_ZN7CxxTest11TestTracker8setSuiteEPKNS_16SuiteDescriptionE
FN:259,_ZN7CxxTest11TestTracker7setTestEPKNS_15TestDescriptionE
FN:264,_ZN7CxxTest11TestTracker12countWarningEv
FN:269,_ZN7CxxTest11TestTracker12countSkippedEv
FN:274,_ZN7CxxTest11TestTracker12countFailureEv
FNDA:1,_ZN7CxxTest11TestTrackerC2Ev
FNDA:0,_ZN7CxxTest11TestTrackerD0Ev
FNDA:1,_ZN7CxxTest11TestTrackerD2Ev
FNDA:13,_ZN7CxxTest11TestTracker7trackerEv
FNDA:1,_ZN7CxxTest11TestTracker10initializeEv
FNDA:6,_ZNK7CxxTest11TestTracker7fixTestEPKNS_15TestDescriptionE
FNDA:4,_ZNK7CxxTest11TestTracker8fixSuiteEPKNS_16SuiteDescriptionE
FNDA:2,_ZNK7CxxTest11TestTracker8fixWorldEPKNS_16WorldDescriptionE
FNDA:5,_ZNK7CxxTest11TestTracker9dummyTestEv
FNDA:8,_ZNK7CxxTest11TestTracker10dummySuiteEv
FNDA:9,_ZNK7CxxTest11TestTracker10dummyWorldEv
FNDA:3,_ZN7CxxTest11TestTracker11setListenerEPNS_12TestListenerE
FNDA:1,_ZN7CxxTest11TestTracker10enterWorldERKNS_16WorldDescriptionE
FNDA:1,_ZN7CxxTest11TestTracker10enterSuiteERKNS_16SuiteDescriptionE
FNDA:1,_ZN7CxxTest11TestTracker9enterTestERKNS_15TestDescriptionE
FNDA:1,_ZN7CxxTest11TestTracker9leaveTestERKNS_15TestDescriptionE
FNDA:1,_ZN7CxxTest11TestTracker10leaveSuiteERKNS_16SuiteDescriptionE
FNDA:1,_ZN7CxxTest11TestTracker10leaveWorldERKNS_16WorldDescriptionE
FNDA:0,_ZN7CxxTest11TestTracker5traceEPKciS2_
FNDA:0,_ZN7CxxTest11TestTracker7warningEPKciS2_
FNDA:0,_ZN7CxxTest11TestTracker11skippedTestEPKciS2_
FNDA:0,_ZN7CxxTest11TestTracker10failedTestEPKciS2_
FNDA:0,_ZN7CxxTest11TestTracker12failedAssertEPKciS2_
FNDA:0,_ZN7CxxTest11TestTracker18failedAssertEqualsEPKciS2_S2_S2_S2_
FNDA:0,_ZN7CxxTest11TestTracker20failedAssertSameDataEPKciS2_S2_S2_PKvS4_j
FNDA:0,_ZN7CxxTest11TestTracker17failedAssertDeltaEPKciS2_S2_S2_S2_S2_S2_
FNDA:0,_ZN7CxxTest11TestTracker19failedAssertDiffersEPKciS2_S2_S2_
FNDA:0,_ZN7CxxTest11TestTracker20failedAssertLessThanEPKciS2_S2_S2_S2_
FNDA:0,_ZN7CxxTest11TestTracker26failedAssertLessThanEqualsEPKciS2_S2_S2_S2_
FNDA:0,_ZN7CxxTest11TestTracker21failedAssertPredicateEPKciS2_S2_S2_
FNDA:0,_ZN7CxxTest11TestTracker20failedAssertRelationEPKciS2_S2_S2_S2_S2_
FNDA:0,_ZN7CxxTest11TestTracker18failedAssertThrowsEPKciS2_S2_b
FNDA:0,_ZN7CxxTest11TestTracker21failedAssertThrowsNotEPKciS2_
FNDA:0,_ZN7CxxTest11TestTracker21failedAssertSameFilesEPKciS2_S2_S2_
FNDA:2,_ZN7CxxTest11TestTracker8setWorldEPKNS_16WorldDescriptionE
FNDA:4,_ZN7CxxTest11TestTracker8setSuiteEPKNS_16SuiteDescriptionE
FNDA:6,_ZN7CxxTest11TestTracker7setTestEPKNS_15TestDescriptionE
FNDA:0,_ZN7CxxTest11TestTracker12countWarningEv
FNDA:0,_ZN7CxxTest11TestTracker12countSkippedEv
FNDA:0,_ZN7CxxTest11TestTracker12countFailureEv
FNF:40
FNH:20
DA:22,1
DA:24,1
DA:26,1
DA:27,1
DA:28,1
DA:30,1
DA:32,1
DA:34,1
DA:36,13
DA:38,13
DA:39,13
DA:42,1
DA:44,1
DA:45,1
DA:46,1
DA:47,1
DA:48,1
DA:49,1
DA:50,1
DA:51,1
DA:52,1
DA:53,1
DA:54,1
DA:56,6
DA:58,6
DA:61,4
DA:63,4
DA:66,2
DA:68,2
DA:71,5
DA:73,5
DA:76,8
DA:78,8
DA:81,9
DA:83,9
DA:86,3
DA:88,3
DA:89,3
DA:91,1
DA:93,1
DA:94,1
DA:95,1
DA:96,1
DA:97,1
DA:99,1
DA:101,1
DA:102,1
DA:103,1
DA:104,1
DA:105,1
DA:107,1
DA:109,1
DA:110,1
DA:111,1
DA:112,1
DA:113,1
DA:115,1
DA:117,1
DA:118,1
DA:119,1
DA:121,1
DA:123,1
DA:124,1
DA:125,1
DA:127,1
DA:129,1
DA:130,1
DA:131,1
DA:133,0
DA:135,0
DA:136,0
DA:138,0
DA:140,0
DA:141,0
DA:142,0
DA:144,0
DA:146,0
DA:147,0
DA:148,0
DA:149,0
DA:151,0
DA:153,0
DA:154,0
DA:155,0
DA:157,0
DA:159,0
DA:160,0
DA:161,0
DA:163,0
DA:167,0
DA:168,0
DA:169,0
DA:171,0
DA:176,0
DA:177,0
DA:178,0
DA:180,0
DA:184,0
DA:185,0
DA:186,0
DA:188,0
DA:192,0
DA:193,0
DA:194,0
DA:196,0
DA:200,0
DA:201,0
DA:202,0
DA:204,0
DA:208,0
DA:209,0
DA:210,0
DA:212,0
DA:215,0
DA:216,0
DA:217,0
DA:219,0
DA:223,0
DA:224,0
DA:225,0
DA:227,0
DA:231,0
DA:232,0
DA:233,0
DA:235,0
DA:237,0
DA:238,0
DA:239,0
DA:241,0
DA:243,0
DA:244,0
DA:245,0
DA:247,2
DA:249,2
DA:250,2
DA:251,2
DA:253,4
DA:255,4
DA:256,4
DA:257,4
DA:259,6
DA:261,6
DA:262,6
DA:264,0
DA:266,0
DA:267,0
DA:269,0
DA:271,0
DA:272,0
DA:274,0
DA:276,0
DA:278,0
DA:279,0
DA:281,0
DA:284,0
LF:155
LH:79
end_of_record
SF:/usr/include/cxxtest/TestTracker.h
FN:40,_ZNK7CxxTest11TestTracker4testEv
FN:41,_ZNK7CxxTest11TestTracker5suiteEv
FN:42,_ZNK7CxxTest11TestTracker5worldEv
FN:44,_ZNK7CxxTest11TestTracker11testSkippedEv
FN:45,_ZNK7CxxTest11TestTracker10testFailedEv
FN:50,_ZNK7CxxTest11TestTracker12skippedTestsEv
FN:51,_ZNK7CxxTest11TestTracker11failedTestsEv
FN:52,_ZNK7CxxTest11TestTracker17testFailedAssertsEv
FN:130,_ZN7CxxTest7trackerEv
FNDA:0,_ZNK7CxxTest11TestTracker4testEv
FNDA:0,_ZNK7CxxTest11TestTracker5suiteEv
FNDA:1,_ZNK7CxxTest11TestTracker5worldEv
FNDA:1,_ZNK7CxxTest11TestTracker11testSkippedEv
FNDA:1,_ZNK7CxxTest11TestTracker10testFailedEv
FNDA:0,_ZNK7CxxTest11TestTracker12skippedTestsEv
FNDA:2,_ZNK7CxxTest11TestTracker11failedTestsEv
FNDA:1,_ZNK7CxxTest11TestTracker17testFailedAssertsEv
FNDA:13,_ZN7CxxTest7trackerEv
FNF:9
FNH:6
DA:40,0
DA:41,0
DA:42,1
DA:44,1
DA:45,1
DA:50,0
DA:51,2
DA:52,1
DA:130,13
LF:9
LH:6
end_of_record
SF:/usr/include/cxxtest/ValueTraits.cpp
FN:23,_ZN7CxxTest11digitToCharEj
FN:36,_ZN7CxxTest9byteToHexEh
FN:45,_ZN7CxxTest10copyStringEPcPKc
FN:55,_ZN7CxxTest12stringsEqualEPKcS1_
FN:68,_ZN7CxxTest12charToStringEmPc
FN:101,_ZN7CxxTest12charToStringEcPc
FN:106,_ZN7CxxTest13bytesToStringEPKhjjPc
FN:127,_ZN7CxxTest11ValueTraitsIKdE20requiredDigitsOnLeftEd
FN:137,_ZN7CxxTest11ValueTraitsIKdE10doNegativeERd
FN:148,_ZN7CxxTest11ValueTraitsIKdE10hugeNumberEd
FN:158,_ZN7CxxTest11ValueTraitsIKdE12normalNumberEd
FN:169,_ZN7CxxTest11ValueTraitsIKdE15nonFiniteNumberEd
FN:188,_ZN7CxxTest11ValueTraitsIKdE14doubleToStringEdPcjj
FNDA:1,_ZN7CxxTest11digitToCharEj
FNDA:0,_ZN7CxxTest9byteToHexEh
FNDA:0,_ZN7CxxTest10copyStringEPcPKc
FNDA:0,_ZN7CxxTest12stringsEqualEPKcS1_
FNDA:0,_ZN7CxxTest12charToStringEmPc
FNDA:0,_ZN7CxxTest12charToStringEcPc
FNDA:0,_ZN7CxxTest13bytesToStringEPKhjjPc
FNDA:0,_ZN7CxxTest11ValueTraitsIKdE20requiredDigitsOnLeftEd
FNDA:0,_ZN7CxxTest11ValueTraitsIKdE10doNegativeERd
FNDA:0,_ZN7CxxTest11ValueTraitsIKdE10hugeNumberEd
FNDA:0,_ZN7CxxTest11ValueTraitsIKdE12normalNumberEd
FNDA:0,_ZN7CxxTest11ValueTraitsIKdE15nonFiniteNumberEd
FNDA:0,_ZN7CxxTest11ValueTraitsIKdE14doubleToStringEdPcjj
FNF:13
FNH:1
DA:23,1
DA:25,1
DA:27,1
DA:29,0
DA:31,0
DA:33,0
DA:36,0
DA:39,0
DA:40,0
DA:41,0
DA:42,0
DA:45,0
DA:47,0
DA:49,0
DA:50,0
DA:52,0
DA:55,0
DA:58,0
DA:60,0
DA:62,0
DA:65,0
DA:68,0
DA:70,0
DA:72,0
DA:73,0
DA:74,0
DA:75,0
DA:76,0
DA:77,0
DA:78,0
DA:79,0
DA:80,0
DA:82,0
DA:84,0
DA:85,0
DA:86,0
DA:90,0
DA:91,0
DA:92,0
DA:94,0
DA:95,0
DA:97,0
DA:101,0
DA:103,0
DA:106,0
DA:108,0
DA:109,0
DA:111,0
DA:114,0
DA:115,0
DA:117,0
DA:119,0
DA:121,0
DA:123,0
DA:127,0
DA:129,0
DA:130,0
DA:132,0
DA:134,0
DA:137,0
DA:139,0
DA:141,0
DA:143,0
DA:144,0
DA:145,0
DA:148,0
DA:150,0
DA:151,0
DA:152,0
DA:153,0
DA:154,0
DA:155,0
DA:156,0
DA:158,0
DA:160,0
DA:161,0
DA:162,0
DA:163,0
DA:165,0
DA:167,0
DA:169,0
DA:171,0
DA:172,0
DA:174,0
DA:177,0
DA:179,0
DA:181,0
DA:184,0
DA:186,0
DA:188,0
DA:190,0
LF:91
LH:3
end_of_record
SF:/usr/include/cxxtest/ValueTraits.h
FN:106,_ZN7CxxTest6traitsIhEENS_11ValueTraitsIT_EES2_
FN:106,_ZN7CxxTest6traitsIiEENS_11ValueTraitsIT_EES2_
FN:136,_ZN7CxxTest8negativeIlEEbT_
FN:136,_ZN7CxxTest8negativeIdEEbT_
FN:137,_ZN7CxxTest3absIdEET_S1_
FN:137,_ZN7CxxTest3absIlEET_S1_
FN:148,_ZN7CxxTest8negativeIjEEbT_
FN:148,_ZN7CxxTest3absIjEET_S1_
FN:149,_ZN7CxxTest3absImEET_S1_
FN:149,_ZN7CxxTest8negativeImEEbT_
FN:160,_ZN7CxxTest14numberToStringIlEEPcT_S1_S2_jj
FN:160,_ZN7CxxTest14numberToStringImEEPcT_S1_S2_jj
FN:160,_ZN7CxxTest14numberToStringIjEEPcT_S1_S2_jj
FN:160,_ZN7CxxTest14numberToStringIdEEPcT_S1_S2_jj
FN:293,_ZN7CxxTest11ValueTraitsIKlEC2El
FN:294,_ZNK7CxxTest11ValueTraitsIKlE8asStringEv
FN:308,_ZN7CxxTest11ValueTraitsIKmEC2Em
FN:309,_ZNK7CxxTest11ValueTraitsIKmE8asStringEv
FN:318,_ZNK7CxxTest11ValueTraitsIKiE8asStringEv
FN:318,_ZN7CxxTest11ValueTraitsIKiEC2Ei
FN:322,_ZNK7CxxTest11ValueTraitsIKhE8asStringEv
FN:322,_ZN7CxxTest11ValueTraitsIKhEC2Eh
FN:324,_ZNK7CxxTest11ValueTraitsIiE8asStringEv
FN:324,_ZN7CxxTest11ValueTraitsIiEC2Ei
FN:328,_ZN7CxxTest11ValueTraitsIhEC2Eh
FN:328,_ZNK7CxxTest11ValueTraitsIhE8asStringEv
FNDA:0,_ZN7CxxTest6traitsIiEENS_11ValueTraitsIT_EES2_
FNDA:0,_ZN7CxxTest6traitsIhEENS_11ValueTraitsIT_EES2_
FNDA:0,_ZN7CxxTest8negativeIdEEbT_
FNDA:0,_ZN7CxxTest8negativeIlEEbT_
FNDA:0,_ZN7CxxTest3absIdEET_S1_
FNDA:0,_ZN7CxxTest3absIlEET_S1_
FNDA:0,_ZN7CxxTest3absIjEET_S1_
FNDA:1,_ZN7CxxTest8negativeIjEEbT_
FNDA:0,_ZN7CxxTest3absImEET_S1_
FNDA:0,_ZN7CxxTest8negativeImEEbT_
FNDA:0,_ZN7CxxTest14numberToStringIdEEPcT_S1_S2_jj
FNDA:1,_ZN7CxxTest14numberToStringIjEEPcT_S1_S2_jj
FNDA:0,_ZN7CxxTest14numberToStringImEEPcT_S1_S2_jj
FNDA:0,_ZN7CxxTest14numberToStringIlEEPcT_S1_S2_jj
FNDA:0,_ZN7CxxTest11ValueTraitsIKlEC2El
FNDA:0,_ZNK7CxxTest11ValueTraitsIKlE8asStringEv
FNDA:0,_ZN7CxxTest11ValueTraitsIKmEC2Em
FNDA:0,_ZNK7CxxTest11ValueTraitsIKmE8asStringEv
FNDA:0,_ZNK7CxxTest11ValueTraitsIKiE8asStringEv
FNDA:0,_ZN7CxxTest11ValueTraitsIKiEC2Ei
FNDA:0,_ZNK7CxxTest11ValueTraitsIKhE8asStringEv
FNDA:0,_ZN7CxxTest11ValueTraitsIKhEC2Eh
FNDA:0,_ZNK7CxxTest11ValueTraitsIiE8asStringEv
FNDA:0,_ZN7CxxTest11ValueTraitsIiEC2Ei
FNDA:0,_ZNK7CxxTest11ValueTraitsIhE8asStringEv
FNDA:0,_ZN7CxxTest11ValueTraitsIhEC2Eh
FNF:26
FNH:2
DA:106,0
DA:108,0
DA:136,0
DA:137,0
DA:148,1
DA:149,0
DA:160,1
DA:165,1
DA:167,0
DA:168,0
DA:171,1
DA:172,2
DA:174,0
DA:177,1
DA:179,0
DA:181,2
DA:183,1
DA:186,1
DA:187,1
DA:293,0
DA:294,0
DA:308,0
DA:309,0
DA:318,0
DA:322,0
DA:324,0
DA:328,0
LF:27
LH:10
end_of_record
SF:/usr/include/x86_64-linux-gnu/c++/4.8/bits/gthr-default.h
FN:247,_ZL18__gthread_active_pv
FNDA:0,_ZL18__gthread_active_pv
FNF:1
FNH:0
DA:247,0
DA:251,0
LF:2
LH:0
end_of_record
SF:/home/hobby/dev/NetworkLibrary/inc/bit_pack.h
FN:6,_Z13is_big_endianv
FN:18,_Z12print_binaryPhi
FN:54,_Z4packPhiS_i
FNDA:0,_Z13is_big_endianv
FNDA:0,_Z12print_binaryPhi
FNDA:12,_Z4packPhiS_i
FNF:3
FNH:1
DA:6,0
DA:14,0
DA:15,0
DA:18,0
DA:20,0
DA:22,0
DA:24,0
DA:25,0
DA:26,0
DA:28,0
DA:30,0
DA:31,0
DA:54,12
DA:66,12
DA:87,12
DA:101,12
DA:103,8
DA:104,8
DA:116,8
DA:122,8
DA:125,4
DA:128,4
DA:129,4
DA:130,4
DA:131,4
DA:141,4
DA:142,4
DA:145,4
DA:146,4
DA:147,4
DA:153,12
DA:156,8
DA:157,8
DA:160,8
DA:164,4
DA:167,4
DA:168,4
DA:169,4
DA:184,4
DA:185,4
DA:197,4
DA:205,4
DA:208,4
DA:211,4
DA:212,4
DA:213,4
DA:214,4
DA:219,10
DA:222,6
DA:223,6
DA:226,6
DA:230,4
DA:233,4
DA:234,4
DA:235,4
DA:238,12
LF:56
LH:44
end_of_record
SF:/home/hobby/dev/NetworkLibrary/test/src/test.cpp
FN:15,main
FN:25,_Z41__static_initialization_and_destruction_0ii
FN:30,_ZN45TestDescription_suite_bit_pack_test_test_packD0Ev
FN:30,_ZN45TestDescription_suite_bit_pack_test_test_packD2Ev
FN:32,_ZN45TestDescription_suite_bit_pack_test_test_packC2Ev
FN:33,_ZN45TestDescription_suite_bit_pack_test_test_pack7runTestEv
FN:37,_GLOBAL__sub_I_main
FNDA:1,main
FNDA:0,_ZN45TestDescription_suite_bit_pack_test_test_packD0Ev
FNDA:0,_ZN45TestDescription_suite_bit_pack_test_test_packD2Ev
FNDA:1,_ZN45TestDescription_suite_bit_pack_test_test_packC2Ev
FNDA:1,_ZN45TestDescription_suite_bit_pack_test_test_pack7runTestEv
FNDA:1,_GLOBAL__sub_I_main
FNDA:1,_Z41__static_initialization_and_destruction_0ii
FNF:7
FNH:5
DA:15,1
DA:17,1
DA:18,1
DA:19,1
DA:20,1
DA:25,1
DA:28,1
DA:30,0
DA:32,1
DA:33,1
DA:34,1
DA:37,3
LF:12
LH:11
end_of_record
